<?xml version="1.0" encoding="UTF-8"?>
<testng-results ignored="0" total="1" passed="1" failed="0" skipped="0">
  <reporter-output>
  </reporter-output>
  <suite started-at="2023-01-24T11:37:45 IST" name="Default suite" finished-at="2023-01-24T11:37:45 IST" duration-ms="278">
    <groups>
    </groups>
    <test started-at="2023-01-24T11:37:45 IST" name="Default test" finished-at="2023-01-24T11:37:45 IST" duration-ms="278">
      <class name="in.orangeHRM.baseclass.Ex">
        <test-method signature="test()[pri:0, instance:in.orangeHRM.baseclass.Ex@9225652]" started-at="2023-01-24T11:37:45 IST" name="test" finished-at="2023-01-24T11:37:45 IST" duration-ms="210" status="PASS">
          <reporter-output>
          </reporter-output>
        </test-method> <!-- test -->
      </class> <!-- in.orangeHRM.baseclass.Ex -->
    </test> <!-- Default test -->
  </suite> <!-- Default suite -->
</testng-results>
